<?xml version="1.0" encoding="UTF-8"?>
<!-- Generated by org.testng.reporters.JUnitXMLReporter -->
<testsuite ignored="4" hostname="LAPTOP-1LNDJ6JU" failures="0" tests="6" name="Test" time="29.038" errors="0" timestamp="2025-08-08T07:55:19 IST">
  <testcase classname="tests.TC_001ValidLoginTest" name="validLogin" time="0.313"/>
  <testcase classname="tests.TC_002InvalidLoginTest" name="invalidLogin" time="0.305"/>
  <testcase classname="tests.TC_002InvalidLoginTest" name="invalidLogin" time="0.271"/>
  <testcase classname="tests.TC_002InvalidLoginTest" name="invalidLogin" time="0.254"/>
  <testcase classname="tests.TC_002InvalidLoginTest" name="invalidLogin" time="0.297"/>
  <testcase classname="tests.TC_003UITest" name="checkPasswordMaskingAndUnmasking" time="1.798"/>
  <testcase classname="basic.ProjectBasicMethods" name="@BeforeSuite reportInitilization" time="0.0">
    <ignored/>
  </testcase> <!-- @BeforeSuite reportInitilization -->
  <testcase classname="basic.ProjectBasicMethods" name="@AfterSuite closeReport" time="0.0">
    <ignored/>
  </testcase> <!-- @AfterSuite closeReport -->
  <testcase classname="basic.ProjectBasicMethods" name="@BeforeSuite reportInitilization" time="0.0">
    <ignored/>
  </testcase> <!-- @BeforeSuite reportInitilization -->
  <testcase classname="basic.ProjectBasicMethods" name="@AfterSuite closeReport" time="0.0">
    <ignored/>
  </testcase> <!-- @AfterSuite closeReport -->
</testsuite> <!-- Test -->
